2025-05-31 22:35:33,047 - httpx - INFO - HTTP Request: POST https://api.telegram.org/bot7928031804:AAG_h6U00Nd7OASJiBKuduBm5UVP36bFI48/getMe "HTTP/1.1 200 OK"
2025-05-31 22:35:33,225 - httpx - INFO - HTTP Request: POST https://api.telegram.org/bot7928031804:AAG_h6U00Nd7OASJiBKuduBm5UVP36bFI48/deleteWebhook "HTTP/1.1 200 OK"
2025-05-31 22:35:33,228 - telegram.ext.Application - INFO - Application started
2025-05-31 22:35:43,769 - httpx - INFO - HTTP Request: POST https://api.telegram.org/bot7928031804:AAG_h6U00Nd7OASJiBKuduBm5UVP36bFI48/getUpdates "HTTP/1.1 200 OK"
2025-05-31 22:35:53,948 - httpx - INFO - HTTP Request: POST https://api.telegram.org/bot7928031804:AAG_h6U00Nd7OASJiBKuduBm5UVP36bFI48/getUpdates "HTTP/1.1 200 OK"
2025-05-31 22:36:04,129 - httpx - INFO - HTTP Request: POST https://api.telegram.org/bot7928031804:AAG_h6U00Nd7OASJiBKuduBm5UVP36bFI48/getUpdates "HTTP/1.1 200 OK"
2025-05-31 22:36:14,315 - httpx - INFO - HTTP Request: POST https://api.telegram.org/bot7928031804:AAG_h6U00Nd7OASJiBKuduBm5UVP36bFI48/getUpdates "HTTP/1.1 200 OK"
2025-05-31 22:36:21,819 - httpx - INFO - HTTP Request: POST https://api.telegram.org/bot7928031804:AAG_h6U00Nd7OASJiBKuduBm5UVP36bFI48/getUpdates "HTTP/1.1 200 OK"
2025-05-31 22:36:21,821 - bot.handlers.start - INFO - User 7483956865 (SANTINO | OFF LINE) started the bot
2025-05-31 22:36:22,497 - httpx - INFO - HTTP Request: POST https://api.telegram.org/bot7928031804:AAG_h6U00Nd7OASJiBKuduBm5UVP36bFI48/sendMessage "HTTP/1.1 200 OK"
2025-05-31 22:36:25,507 - httpx - INFO - HTTP Request: POST https://api.telegram.org/bot7928031804:AAG_h6U00Nd7OASJiBKuduBm5UVP36bFI48/getUpdates "HTTP/1.1 200 OK"
2025-05-31 22:36:25,810 - httpx - INFO - HTTP Request: POST https://api.telegram.org/bot7928031804:AAG_h6U00Nd7OASJiBKuduBm5UVP36bFI48/answerCallbackQuery "HTTP/1.1 200 OK"
2025-05-31 22:36:25,812 - bot.handlers.callbacks - INFO - User 7483956865 selected language: es
2025-05-31 22:36:25,988 - httpx - INFO - HTTP Request: POST https://api.telegram.org/bot7928031804:AAG_h6U00Nd7OASJiBKuduBm5UVP36bFI48/editMessageText "HTTP/1.1 400 Bad Request"
2025-05-31 22:36:25,989 - bot.handlers.callbacks - ERROR - Error handling callback lang_es: Inline keyboard button url 'http://localhost:8080' is invalid: wrong http url
2025-05-31 22:36:26,311 - httpx - INFO - HTTP Request: POST https://api.telegram.org/bot7928031804:AAG_h6U00Nd7OASJiBKuduBm5UVP36bFI48/editMessageText "HTTP/1.1 200 OK"
2025-05-31 22:36:28,114 - httpx - INFO - HTTP Request: POST https://api.telegram.org/bot7928031804:AAG_h6U00Nd7OASJiBKuduBm5UVP36bFI48/getUpdates "HTTP/1.1 200 OK"
2025-05-31 22:36:28,116 - bot.handlers.start - INFO - User 7483956865 (SANTINO | OFF LINE) started the bot
2025-05-31 22:36:28,412 - httpx - INFO - HTTP Request: POST https://api.telegram.org/bot7928031804:AAG_h6U00Nd7OASJiBKuduBm5UVP36bFI48/sendMessage "HTTP/1.1 200 OK"
2025-05-31 22:36:38,295 - httpx - INFO - HTTP Request: POST https://api.telegram.org/bot7928031804:AAG_h6U00Nd7OASJiBKuduBm5UVP36bFI48/getUpdates "HTTP/1.1 200 OK"
2025-05-31 22:36:48,473 - httpx - INFO - HTTP Request: POST https://api.telegram.org/bot7928031804:AAG_h6U00Nd7OASJiBKuduBm5UVP36bFI48/getUpdates "HTTP/1.1 200 OK"
2025-05-31 22:36:58,657 - httpx - INFO - HTTP Request: POST https://api.telegram.org/bot7928031804:AAG_h6U00Nd7OASJiBKuduBm5UVP36bFI48/getUpdates "HTTP/1.1 200 OK"
2025-05-31 22:37:08,835 - httpx - INFO - HTTP Request: POST https://api.telegram.org/bot7928031804:AAG_h6U00Nd7OASJiBKuduBm5UVP36bFI48/getUpdates "HTTP/1.1 200 OK"
2025-05-31 22:37:19,013 - httpx - INFO - HTTP Request: POST https://api.telegram.org/bot7928031804:AAG_h6U00Nd7OASJiBKuduBm5UVP36bFI48/getUpdates "HTTP/1.1 200 OK"
2025-05-31 22:37:29,198 - httpx - INFO - HTTP Request: POST https://api.telegram.org/bot7928031804:AAG_h6U00Nd7OASJiBKuduBm5UVP36bFI48/getUpdates "HTTP/1.1 200 OK"
2025-05-31 22:37:39,377 - httpx - INFO - HTTP Request: POST https://api.telegram.org/bot7928031804:AAG_h6U00Nd7OASJiBKuduBm5UVP36bFI48/getUpdates "HTTP/1.1 200 OK"
2025-05-31 22:37:49,555 - httpx - INFO - HTTP Request: POST https://api.telegram.org/bot7928031804:AAG_h6U00Nd7OASJiBKuduBm5UVP36bFI48/getUpdates "HTTP/1.1 200 OK"
2025-05-31 22:37:59,733 - httpx - INFO - HTTP Request: POST https://api.telegram.org/bot7928031804:AAG_h6U00Nd7OASJiBKuduBm5UVP36bFI48/getUpdates "HTTP/1.1 200 OK"
2025-05-31 22:38:09,912 - httpx - INFO - HTTP Request: POST https://api.telegram.org/bot7928031804:AAG_h6U00Nd7OASJiBKuduBm5UVP36bFI48/getUpdates "HTTP/1.1 200 OK"
2025-05-31 22:38:20,091 - httpx - INFO - HTTP Request: POST https://api.telegram.org/bot7928031804:AAG_h6U00Nd7OASJiBKuduBm5UVP36bFI48/getUpdates "HTTP/1.1 200 OK"
2025-05-31 22:38:30,269 - httpx - INFO - HTTP Request: POST https://api.telegram.org/bot7928031804:AAG_h6U00Nd7OASJiBKuduBm5UVP36bFI48/getUpdates "HTTP/1.1 200 OK"
2025-05-31 22:38:40,452 - httpx - INFO - HTTP Request: POST https://api.telegram.org/bot7928031804:AAG_h6U00Nd7OASJiBKuduBm5UVP36bFI48/getUpdates "HTTP/1.1 200 OK"
2025-05-31 22:38:50,630 - httpx - INFO - HTTP Request: POST https://api.telegram.org/bot7928031804:AAG_h6U00Nd7OASJiBKuduBm5UVP36bFI48/getUpdates "HTTP/1.1 200 OK"
2025-05-31 22:39:00,813 - httpx - INFO - HTTP Request: POST https://api.telegram.org/bot7928031804:AAG_h6U00Nd7OASJiBKuduBm5UVP36bFI48/getUpdates "HTTP/1.1 200 OK"
2025-05-31 22:39:10,994 - httpx - INFO - HTTP Request: POST https://api.telegram.org/bot7928031804:AAG_h6U00Nd7OASJiBKuduBm5UVP36bFI48/getUpdates "HTTP/1.1 200 OK"
2025-05-31 22:39:21,174 - httpx - INFO - HTTP Request: POST https://api.telegram.org/bot7928031804:AAG_h6U00Nd7OASJiBKuduBm5UVP36bFI48/getUpdates "HTTP/1.1 200 OK"
2025-05-31 22:39:31,354 - httpx - INFO - HTTP Request: POST https://api.telegram.org/bot7928031804:AAG_h6U00Nd7OASJiBKuduBm5UVP36bFI48/getUpdates "HTTP/1.1 200 OK"
2025-05-31 22:39:41,533 - httpx - INFO - HTTP Request: POST https://api.telegram.org/bot7928031804:AAG_h6U00Nd7OASJiBKuduBm5UVP36bFI48/getUpdates "HTTP/1.1 200 OK"
2025-05-31 22:39:51,711 - httpx - INFO - HTTP Request: POST https://api.telegram.org/bot7928031804:AAG_h6U00Nd7OASJiBKuduBm5UVP36bFI48/getUpdates "HTTP/1.1 200 OK"
2025-05-31 22:40:01,892 - httpx - INFO - HTTP Request: POST https://api.telegram.org/bot7928031804:AAG_h6U00Nd7OASJiBKuduBm5UVP36bFI48/getUpdates "HTTP/1.1 200 OK"
2025-05-31 22:40:12,071 - httpx - INFO - HTTP Request: POST https://api.telegram.org/bot7928031804:AAG_h6U00Nd7OASJiBKuduBm5UVP36bFI48/getUpdates "HTTP/1.1 200 OK"
2025-05-31 22:40:22,248 - httpx - INFO - HTTP Request: POST https://api.telegram.org/bot7928031804:AAG_h6U00Nd7OASJiBKuduBm5UVP36bFI48/getUpdates "HTTP/1.1 200 OK"
2025-05-31 22:40:32,427 - httpx - INFO - HTTP Request: POST https://api.telegram.org/bot7928031804:AAG_h6U00Nd7OASJiBKuduBm5UVP36bFI48/getUpdates "HTTP/1.1 200 OK"
2025-05-31 22:40:42,607 - httpx - INFO - HTTP Request: POST https://api.telegram.org/bot7928031804:AAG_h6U00Nd7OASJiBKuduBm5UVP36bFI48/getUpdates "HTTP/1.1 200 OK"
2025-05-31 22:40:52,817 - httpx - INFO - HTTP Request: POST https://api.telegram.org/bot7928031804:AAG_h6U00Nd7OASJiBKuduBm5UVP36bFI48/getUpdates "HTTP/1.1 200 OK"
2025-05-31 22:41:02,996 - httpx - INFO - HTTP Request: POST https://api.telegram.org/bot7928031804:AAG_h6U00Nd7OASJiBKuduBm5UVP36bFI48/getUpdates "HTTP/1.1 200 OK"
2025-05-31 22:41:13,176 - httpx - INFO - HTTP Request: POST https://api.telegram.org/bot7928031804:AAG_h6U00Nd7OASJiBKuduBm5UVP36bFI48/getUpdates "HTTP/1.1 200 OK"
2025-05-31 22:41:23,354 - httpx - INFO - HTTP Request: POST https://api.telegram.org/bot7928031804:AAG_h6U00Nd7OASJiBKuduBm5UVP36bFI48/getUpdates "HTTP/1.1 200 OK"
2025-05-31 22:41:33,531 - httpx - INFO - HTTP Request: POST https://api.telegram.org/bot7928031804:AAG_h6U00Nd7OASJiBKuduBm5UVP36bFI48/getUpdates "HTTP/1.1 200 OK"
2025-05-31 22:41:43,707 - httpx - INFO - HTTP Request: POST https://api.telegram.org/bot7928031804:AAG_h6U00Nd7OASJiBKuduBm5UVP36bFI48/getUpdates "HTTP/1.1 200 OK"
2025-05-31 22:41:53,885 - httpx - INFO - HTTP Request: POST https://api.telegram.org/bot7928031804:AAG_h6U00Nd7OASJiBKuduBm5UVP36bFI48/getUpdates "HTTP/1.1 200 OK"
2025-05-31 22:42:04,065 - httpx - INFO - HTTP Request: POST https://api.telegram.org/bot7928031804:AAG_h6U00Nd7OASJiBKuduBm5UVP36bFI48/getUpdates "HTTP/1.1 200 OK"
2025-05-31 22:42:14,244 - httpx - INFO - HTTP Request: POST https://api.telegram.org/bot7928031804:AAG_h6U00Nd7OASJiBKuduBm5UVP36bFI48/getUpdates "HTTP/1.1 200 OK"
2025-05-31 22:42:24,422 - httpx - INFO - HTTP Request: POST https://api.telegram.org/bot7928031804:AAG_h6U00Nd7OASJiBKuduBm5UVP36bFI48/getUpdates "HTTP/1.1 200 OK"
2025-05-31 22:42:34,600 - httpx - INFO - HTTP Request: POST https://api.telegram.org/bot7928031804:AAG_h6U00Nd7OASJiBKuduBm5UVP36bFI48/getUpdates "HTTP/1.1 200 OK"
2025-05-31 22:42:44,780 - httpx - INFO - HTTP Request: POST https://api.telegram.org/bot7928031804:AAG_h6U00Nd7OASJiBKuduBm5UVP36bFI48/getUpdates "HTTP/1.1 200 OK"
2025-05-31 22:42:54,958 - httpx - INFO - HTTP Request: POST https://api.telegram.org/bot7928031804:AAG_h6U00Nd7OASJiBKuduBm5UVP36bFI48/getUpdates "HTTP/1.1 200 OK"
2025-05-31 22:43:05,137 - httpx - INFO - HTTP Request: POST https://api.telegram.org/bot7928031804:AAG_h6U00Nd7OASJiBKuduBm5UVP36bFI48/getUpdates "HTTP/1.1 200 OK"
2025-05-31 22:43:15,316 - httpx - INFO - HTTP Request: POST https://api.telegram.org/bot7928031804:AAG_h6U00Nd7OASJiBKuduBm5UVP36bFI48/getUpdates "HTTP/1.1 200 OK"
2025-05-31 22:43:25,493 - httpx - INFO - HTTP Request: POST https://api.telegram.org/bot7928031804:AAG_h6U00Nd7OASJiBKuduBm5UVP36bFI48/getUpdates "HTTP/1.1 200 OK"
2025-05-31 22:43:35,671 - httpx - INFO - HTTP Request: POST https://api.telegram.org/bot7928031804:AAG_h6U00Nd7OASJiBKuduBm5UVP36bFI48/getUpdates "HTTP/1.1 200 OK"
2025-05-31 22:43:45,848 - httpx - INFO - HTTP Request: POST https://api.telegram.org/bot7928031804:AAG_h6U00Nd7OASJiBKuduBm5UVP36bFI48/getUpdates "HTTP/1.1 200 OK"
2025-05-31 22:43:56,027 - httpx - INFO - HTTP Request: POST https://api.telegram.org/bot7928031804:AAG_h6U00Nd7OASJiBKuduBm5UVP36bFI48/getUpdates "HTTP/1.1 200 OK"
2025-05-31 22:44:06,206 - httpx - INFO - HTTP Request: POST https://api.telegram.org/bot7928031804:AAG_h6U00Nd7OASJiBKuduBm5UVP36bFI48/getUpdates "HTTP/1.1 200 OK"
2025-05-31 22:44:16,384 - httpx - INFO - HTTP Request: POST https://api.telegram.org/bot7928031804:AAG_h6U00Nd7OASJiBKuduBm5UVP36bFI48/getUpdates "HTTP/1.1 200 OK"
2025-05-31 22:44:26,563 - httpx - INFO - HTTP Request: POST https://api.telegram.org/bot7928031804:AAG_h6U00Nd7OASJiBKuduBm5UVP36bFI48/getUpdates "HTTP/1.1 200 OK"
2025-05-31 22:44:36,742 - httpx - INFO - HTTP Request: POST https://api.telegram.org/bot7928031804:AAG_h6U00Nd7OASJiBKuduBm5UVP36bFI48/getUpdates "HTTP/1.1 200 OK"
2025-05-31 22:44:46,921 - httpx - INFO - HTTP Request: POST https://api.telegram.org/bot7928031804:AAG_h6U00Nd7OASJiBKuduBm5UVP36bFI48/getUpdates "HTTP/1.1 200 OK"
2025-05-31 22:44:57,100 - httpx - INFO - HTTP Request: POST https://api.telegram.org/bot7928031804:AAG_h6U00Nd7OASJiBKuduBm5UVP36bFI48/getUpdates "HTTP/1.1 200 OK"
2025-05-31 22:45:07,278 - httpx - INFO - HTTP Request: POST https://api.telegram.org/bot7928031804:AAG_h6U00Nd7OASJiBKuduBm5UVP36bFI48/getUpdates "HTTP/1.1 200 OK"
2025-05-31 22:45:17,456 - httpx - INFO - HTTP Request: POST https://api.telegram.org/bot7928031804:AAG_h6U00Nd7OASJiBKuduBm5UVP36bFI48/getUpdates "HTTP/1.1 200 OK"
2025-05-31 22:45:27,635 - httpx - INFO - HTTP Request: POST https://api.telegram.org/bot7928031804:AAG_h6U00Nd7OASJiBKuduBm5UVP36bFI48/getUpdates "HTTP/1.1 200 OK"
2025-05-31 22:45:37,816 - httpx - INFO - HTTP Request: POST https://api.telegram.org/bot7928031804:AAG_h6U00Nd7OASJiBKuduBm5UVP36bFI48/getUpdates "HTTP/1.1 200 OK"
2025-05-31 22:45:47,993 - httpx - INFO - HTTP Request: POST https://api.telegram.org/bot7928031804:AAG_h6U00Nd7OASJiBKuduBm5UVP36bFI48/getUpdates "HTTP/1.1 200 OK"
2025-05-31 22:45:58,173 - httpx - INFO - HTTP Request: POST https://api.telegram.org/bot7928031804:AAG_h6U00Nd7OASJiBKuduBm5UVP36bFI48/getUpdates "HTTP/1.1 200 OK"
2025-05-31 22:46:08,352 - httpx - INFO - HTTP Request: POST https://api.telegram.org/bot7928031804:AAG_h6U00Nd7OASJiBKuduBm5UVP36bFI48/getUpdates "HTTP/1.1 200 OK"
2025-05-31 22:46:18,536 - httpx - INFO - HTTP Request: POST https://api.telegram.org/bot7928031804:AAG_h6U00Nd7OASJiBKuduBm5UVP36bFI48/getUpdates "HTTP/1.1 200 OK"
2025-05-31 22:46:28,714 - httpx - INFO - HTTP Request: POST https://api.telegram.org/bot7928031804:AAG_h6U00Nd7OASJiBKuduBm5UVP36bFI48/getUpdates "HTTP/1.1 200 OK"
2025-05-31 22:49:31,313 - httpx - INFO - HTTP Request: POST https://api.telegram.org/bot7928031804:AAG_h6U00Nd7OASJiBKuduBm5UVP36bFI48/getMe "HTTP/1.1 200 OK"
2025-05-31 22:49:31,494 - httpx - INFO - HTTP Request: POST https://api.telegram.org/bot7928031804:AAG_h6U00Nd7OASJiBKuduBm5UVP36bFI48/deleteWebhook "HTTP/1.1 200 OK"
2025-05-31 22:49:31,497 - telegram.ext.Application - INFO - Application started
2025-05-31 22:49:32,045 - httpx - INFO - HTTP Request: POST https://api.telegram.org/bot7928031804:AAG_h6U00Nd7OASJiBKuduBm5UVP36bFI48/getUpdates "HTTP/1.1 200 OK"
2025-05-31 22:49:32,353 - httpx - INFO - HTTP Request: POST https://api.telegram.org/bot7928031804:AAG_h6U00Nd7OASJiBKuduBm5UVP36bFI48/answerCallbackQuery "HTTP/1.1 400 Bad Request"
2025-05-31 22:49:32,355 - telegram.ext.Application - ERROR - No error handlers are registered, logging exception.
Traceback (most recent call last):
  File "C:\Users\Santino\AppData\Local\Programs\Python\Python313\Lib\site-packages\telegram\ext\_application.py", line 1124, in process_update
    await coroutine
  File "C:\Users\Santino\AppData\Local\Programs\Python\Python313\Lib\site-packages\telegram\ext\_handler.py", line 141, in handle_update
    return await self.callback(update, context)
           ^^^^^^^^^^^^^^^^^^^^^^^^^^^^^^^^^^^^
  File "C:\Users\Santino\Desktop\PNP-Television-Bot-Ultimate\bot\handlers\callbacks.py", line 15, in handle_callback
    await query.answer()
  File "C:\Users\Santino\AppData\Local\Programs\Python\Python313\Lib\site-packages\telegram\_callbackquery.py", line 180, in answer
    return await self.get_bot().answer_callback_query(
           ^^^^^^^^^^^^^^^^^^^^^^^^^^^^^^^^^^^^^^^^^^^
    ...<10 lines>...
    )
    ^
  File "C:\Users\Santino\AppData\Local\Programs\Python\Python313\Lib\site-packages\telegram\ext\_extbot.py", line 773, in answer_callback_query
    return await super().answer_callback_query(
           ^^^^^^^^^^^^^^^^^^^^^^^^^^^^^^^^^^^^
    ...<10 lines>...
    )
    ^
  File "C:\Users\Santino\AppData\Local\Programs\Python\Python313\Lib\site-packages\telegram\_bot.py", line 381, in decorator
    result = await func(self, *args, **kwargs)  # skipcq: PYL-E1102
             ^^^^^^^^^^^^^^^^^^^^^^^^^^^^^^^^^
  File "C:\Users\Santino\AppData\Local\Programs\Python\Python313\Lib\site-packages\telegram\_bot.py", line 3306, in answer_callback_query
    return await self._post(
           ^^^^^^^^^^^^^^^^^
    ...<7 lines>...
    )
    ^
  File "C:\Users\Santino\AppData\Local\Programs\Python\Python313\Lib\site-packages\telegram\_bot.py", line 469, in _post
    return await self._do_post(
           ^^^^^^^^^^^^^^^^^^^^
    ...<6 lines>...
    )
    ^
  File "C:\Users\Santino\AppData\Local\Programs\Python\Python313\Lib\site-packages\telegram\ext\_extbot.py", line 325, in _do_post
    return await super()._do_post(
           ^^^^^^^^^^^^^^^^^^^^^^^
    ...<6 lines>...
    )
    ^
  File "C:\Users\Santino\AppData\Local\Programs\Python\Python313\Lib\site-packages\telegram\_bot.py", line 497, in _do_post
    return await request.post(
           ^^^^^^^^^^^^^^^^^^^
    ...<6 lines>...
    )
    ^
  File "C:\Users\Santino\AppData\Local\Programs\Python\Python313\Lib\site-packages\telegram\request\_baserequest.py", line 168, in post
    result = await self._request_wrapper(
             ^^^^^^^^^^^^^^^^^^^^^^^^^^^^
    ...<7 lines>...
    )
    ^
  File "C:\Users\Santino\AppData\Local\Programs\Python\Python313\Lib\site-packages\telegram\request\_baserequest.py", line 328, in _request_wrapper
    raise BadRequest(message)
telegram.error.BadRequest: Query is too old and response timeout expired or query id is invalid
2025-05-31 22:49:42,257 - httpx - INFO - HTTP Request: POST https://api.telegram.org/bot7928031804:AAG_h6U00Nd7OASJiBKuduBm5UVP36bFI48/getUpdates "HTTP/1.1 200 OK"
2025-05-31 22:49:52,439 - httpx - INFO - HTTP Request: POST https://api.telegram.org/bot7928031804:AAG_h6U00Nd7OASJiBKuduBm5UVP36bFI48/getUpdates "HTTP/1.1 200 OK"
2025-05-31 22:50:02,617 - httpx - INFO - HTTP Request: POST https://api.telegram.org/bot7928031804:AAG_h6U00Nd7OASJiBKuduBm5UVP36bFI48/getUpdates "HTTP/1.1 200 OK"
2025-05-31 22:50:12,795 - httpx - INFO - HTTP Request: POST https://api.telegram.org/bot7928031804:AAG_h6U00Nd7OASJiBKuduBm5UVP36bFI48/getUpdates "HTTP/1.1 200 OK"
2025-05-31 22:50:22,976 - httpx - INFO - HTTP Request: POST https://api.telegram.org/bot7928031804:AAG_h6U00Nd7OASJiBKuduBm5UVP36bFI48/getUpdates "HTTP/1.1 200 OK"
2025-05-31 22:50:33,155 - httpx - INFO - HTTP Request: POST https://api.telegram.org/bot7928031804:AAG_h6U00Nd7OASJiBKuduBm5UVP36bFI48/getUpdates "HTTP/1.1 200 OK"
2025-05-31 22:50:43,336 - httpx - INFO - HTTP Request: POST https://api.telegram.org/bot7928031804:AAG_h6U00Nd7OASJiBKuduBm5UVP36bFI48/getUpdates "HTTP/1.1 200 OK"
2025-05-31 22:50:53,515 - httpx - INFO - HTTP Request: POST https://api.telegram.org/bot7928031804:AAG_h6U00Nd7OASJiBKuduBm5UVP36bFI48/getUpdates "HTTP/1.1 200 OK"
2025-05-31 22:51:03,693 - httpx - INFO - HTTP Request: POST https://api.telegram.org/bot7928031804:AAG_h6U00Nd7OASJiBKuduBm5UVP36bFI48/getUpdates "HTTP/1.1 200 OK"
2025-05-31 22:51:13,872 - httpx - INFO - HTTP Request: POST https://api.telegram.org/bot7928031804:AAG_h6U00Nd7OASJiBKuduBm5UVP36bFI48/getUpdates "HTTP/1.1 200 OK"
2025-05-31 22:51:24,053 - httpx - INFO - HTTP Request: POST https://api.telegram.org/bot7928031804:AAG_h6U00Nd7OASJiBKuduBm5UVP36bFI48/getUpdates "HTTP/1.1 200 OK"
2025-05-31 22:51:34,232 - httpx - INFO - HTTP Request: POST https://api.telegram.org/bot7928031804:AAG_h6U00Nd7OASJiBKuduBm5UVP36bFI48/getUpdates "HTTP/1.1 200 OK"
2025-05-31 22:51:44,410 - httpx - INFO - HTTP Request: POST https://api.telegram.org/bot7928031804:AAG_h6U00Nd7OASJiBKuduBm5UVP36bFI48/getUpdates "HTTP/1.1 200 OK"
2025-05-31 22:51:54,588 - httpx - INFO - HTTP Request: POST https://api.telegram.org/bot7928031804:AAG_h6U00Nd7OASJiBKuduBm5UVP36bFI48/getUpdates "HTTP/1.1 200 OK"
2025-05-31 22:51:55,899 - telegram.ext.Application - INFO - Application is stopping. This might take a moment.
2025-05-31 22:51:55,899 - telegram.ext.Application - INFO - Application.stop() complete
2025-05-31 22:54:22,469 - httpx - INFO - HTTP Request: POST https://api.telegram.org/bot7928031804:AAG_h6U00Nd7OASJiBKuduBm5UVP36bFI48/getMe "HTTP/1.1 200 OK"
2025-05-31 22:54:22,646 - httpx - INFO - HTTP Request: POST https://api.telegram.org/bot7928031804:AAG_h6U00Nd7OASJiBKuduBm5UVP36bFI48/deleteWebhook "HTTP/1.1 200 OK"
2025-05-31 22:54:22,648 - telegram.ext.Application - INFO - Application started
2025-05-31 22:54:33,237 - httpx - INFO - HTTP Request: POST https://api.telegram.org/bot7928031804:AAG_h6U00Nd7OASJiBKuduBm5UVP36bFI48/getUpdates "HTTP/1.1 200 OK"
2025-05-31 22:54:43,438 - httpx - INFO - HTTP Request: POST https://api.telegram.org/bot7928031804:AAG_h6U00Nd7OASJiBKuduBm5UVP36bFI48/getUpdates "HTTP/1.1 200 OK"
2025-05-31 22:54:53,634 - httpx - INFO - HTTP Request: POST https://api.telegram.org/bot7928031804:AAG_h6U00Nd7OASJiBKuduBm5UVP36bFI48/getUpdates "HTTP/1.1 200 OK"
2025-05-31 22:55:03,835 - httpx - INFO - HTTP Request: POST https://api.telegram.org/bot7928031804:AAG_h6U00Nd7OASJiBKuduBm5UVP36bFI48/getUpdates "HTTP/1.1 200 OK"
2025-05-31 22:55:14,029 - httpx - INFO - HTTP Request: POST https://api.telegram.org/bot7928031804:AAG_h6U00Nd7OASJiBKuduBm5UVP36bFI48/getUpdates "HTTP/1.1 200 OK"
2025-05-31 22:55:24,226 - httpx - INFO - HTTP Request: POST https://api.telegram.org/bot7928031804:AAG_h6U00Nd7OASJiBKuduBm5UVP36bFI48/getUpdates "HTTP/1.1 200 OK"
2025-05-31 22:55:34,419 - httpx - INFO - HTTP Request: POST https://api.telegram.org/bot7928031804:AAG_h6U00Nd7OASJiBKuduBm5UVP36bFI48/getUpdates "HTTP/1.1 200 OK"
2025-05-31 22:55:44,614 - httpx - INFO - HTTP Request: POST https://api.telegram.org/bot7928031804:AAG_h6U00Nd7OASJiBKuduBm5UVP36bFI48/getUpdates "HTTP/1.1 200 OK"
2025-05-31 22:55:54,809 - httpx - INFO - HTTP Request: POST https://api.telegram.org/bot7928031804:AAG_h6U00Nd7OASJiBKuduBm5UVP36bFI48/getUpdates "HTTP/1.1 200 OK"
2025-05-31 22:56:05,007 - httpx - INFO - HTTP Request: POST https://api.telegram.org/bot7928031804:AAG_h6U00Nd7OASJiBKuduBm5UVP36bFI48/getUpdates "HTTP/1.1 200 OK"
2025-05-31 22:56:15,203 - httpx - INFO - HTTP Request: POST https://api.telegram.org/bot7928031804:AAG_h6U00Nd7OASJiBKuduBm5UVP36bFI48/getUpdates "HTTP/1.1 200 OK"
2025-05-31 22:56:25,400 - httpx - INFO - HTTP Request: POST https://api.telegram.org/bot7928031804:AAG_h6U00Nd7OASJiBKuduBm5UVP36bFI48/getUpdates "HTTP/1.1 200 OK"
2025-05-31 22:56:35,594 - httpx - INFO - HTTP Request: POST https://api.telegram.org/bot7928031804:AAG_h6U00Nd7OASJiBKuduBm5UVP36bFI48/getUpdates "HTTP/1.1 200 OK"
2025-05-31 22:56:45,786 - httpx - INFO - HTTP Request: POST https://api.telegram.org/bot7928031804:AAG_h6U00Nd7OASJiBKuduBm5UVP36bFI48/getUpdates "HTTP/1.1 200 OK"
2025-05-31 22:56:55,982 - httpx - INFO - HTTP Request: POST https://api.telegram.org/bot7928031804:AAG_h6U00Nd7OASJiBKuduBm5UVP36bFI48/getUpdates "HTTP/1.1 200 OK"
2025-05-31 22:57:06,182 - httpx - INFO - HTTP Request: POST https://api.telegram.org/bot7928031804:AAG_h6U00Nd7OASJiBKuduBm5UVP36bFI48/getUpdates "HTTP/1.1 200 OK"
2025-05-31 22:57:16,383 - httpx - INFO - HTTP Request: POST https://api.telegram.org/bot7928031804:AAG_h6U00Nd7OASJiBKuduBm5UVP36bFI48/getUpdates "HTTP/1.1 200 OK"
2025-05-31 22:57:26,578 - httpx - INFO - HTTP Request: POST https://api.telegram.org/bot7928031804:AAG_h6U00Nd7OASJiBKuduBm5UVP36bFI48/getUpdates "HTTP/1.1 200 OK"
2025-05-31 22:57:36,771 - httpx - INFO - HTTP Request: POST https://api.telegram.org/bot7928031804:AAG_h6U00Nd7OASJiBKuduBm5UVP36bFI48/getUpdates "HTTP/1.1 200 OK"
2025-05-31 22:57:46,980 - httpx - INFO - HTTP Request: POST https://api.telegram.org/bot7928031804:AAG_h6U00Nd7OASJiBKuduBm5UVP36bFI48/getUpdates "HTTP/1.1 200 OK"
2025-05-31 22:57:57,174 - httpx - INFO - HTTP Request: POST https://api.telegram.org/bot7928031804:AAG_h6U00Nd7OASJiBKuduBm5UVP36bFI48/getUpdates "HTTP/1.1 200 OK"
2025-05-31 22:58:07,367 - httpx - INFO - HTTP Request: POST https://api.telegram.org/bot7928031804:AAG_h6U00Nd7OASJiBKuduBm5UVP36bFI48/getUpdates "HTTP/1.1 200 OK"
2025-05-31 22:58:17,573 - httpx - INFO - HTTP Request: POST https://api.telegram.org/bot7928031804:AAG_h6U00Nd7OASJiBKuduBm5UVP36bFI48/getUpdates "HTTP/1.1 200 OK"
2025-05-31 22:58:27,768 - httpx - INFO - HTTP Request: POST https://api.telegram.org/bot7928031804:AAG_h6U00Nd7OASJiBKuduBm5UVP36bFI48/getUpdates "HTTP/1.1 200 OK"
2025-05-31 22:58:37,962 - httpx - INFO - HTTP Request: POST https://api.telegram.org/bot7928031804:AAG_h6U00Nd7OASJiBKuduBm5UVP36bFI48/getUpdates "HTTP/1.1 200 OK"
2025-05-31 22:58:48,158 - httpx - INFO - HTTP Request: POST https://api.telegram.org/bot7928031804:AAG_h6U00Nd7OASJiBKuduBm5UVP36bFI48/getUpdates "HTTP/1.1 200 OK"
2025-05-31 22:58:58,359 - httpx - INFO - HTTP Request: POST https://api.telegram.org/bot7928031804:AAG_h6U00Nd7OASJiBKuduBm5UVP36bFI48/getUpdates "HTTP/1.1 200 OK"
2025-05-31 22:59:08,554 - httpx - INFO - HTTP Request: POST https://api.telegram.org/bot7928031804:AAG_h6U00Nd7OASJiBKuduBm5UVP36bFI48/getUpdates "HTTP/1.1 200 OK"
2025-05-31 22:59:18,747 - httpx - INFO - HTTP Request: POST https://api.telegram.org/bot7928031804:AAG_h6U00Nd7OASJiBKuduBm5UVP36bFI48/getUpdates "HTTP/1.1 200 OK"
2025-05-31 22:59:28,942 - httpx - INFO - HTTP Request: POST https://api.telegram.org/bot7928031804:AAG_h6U00Nd7OASJiBKuduBm5UVP36bFI48/getUpdates "HTTP/1.1 200 OK"
2025-05-31 22:59:39,139 - httpx - INFO - HTTP Request: POST https://api.telegram.org/bot7928031804:AAG_h6U00Nd7OASJiBKuduBm5UVP36bFI48/getUpdates "HTTP/1.1 200 OK"
2025-05-31 22:59:49,334 - httpx - INFO - HTTP Request: POST https://api.telegram.org/bot7928031804:AAG_h6U00Nd7OASJiBKuduBm5UVP36bFI48/getUpdates "HTTP/1.1 200 OK"
2025-05-31 22:59:59,528 - httpx - INFO - HTTP Request: POST https://api.telegram.org/bot7928031804:AAG_h6U00Nd7OASJiBKuduBm5UVP36bFI48/getUpdates "HTTP/1.1 200 OK"
2025-05-31 23:00:09,722 - httpx - INFO - HTTP Request: POST https://api.telegram.org/bot7928031804:AAG_h6U00Nd7OASJiBKuduBm5UVP36bFI48/getUpdates "HTTP/1.1 200 OK"
2025-05-31 23:00:19,917 - httpx - INFO - HTTP Request: POST https://api.telegram.org/bot7928031804:AAG_h6U00Nd7OASJiBKuduBm5UVP36bFI48/getUpdates "HTTP/1.1 200 OK"
2025-05-31 23:00:30,109 - httpx - INFO - HTTP Request: POST https://api.telegram.org/bot7928031804:AAG_h6U00Nd7OASJiBKuduBm5UVP36bFI48/getUpdates "HTTP/1.1 200 OK"
2025-05-31 23:00:40,305 - httpx - INFO - HTTP Request: POST https://api.telegram.org/bot7928031804:AAG_h6U00Nd7OASJiBKuduBm5UVP36bFI48/getUpdates "HTTP/1.1 200 OK"
2025-05-31 23:00:50,497 - httpx - INFO - HTTP Request: POST https://api.telegram.org/bot7928031804:AAG_h6U00Nd7OASJiBKuduBm5UVP36bFI48/getUpdates "HTTP/1.1 200 OK"
2025-05-31 23:01:00,691 - httpx - INFO - HTTP Request: POST https://api.telegram.org/bot7928031804:AAG_h6U00Nd7OASJiBKuduBm5UVP36bFI48/getUpdates "HTTP/1.1 200 OK"
